/home/jbrister/python/sensors/sensors_venv/bin/python: can't open file '/home/jbrister/python/sensors/eng_logging.py': [Errno 2] No such file or directory
Warming Up SGP30...
Baseline Loaded
28.73 812.36 17.53 601 79 13672 19846 37469 39063
28.72 812.22 17.53 599 74 13672 19836 37469 39063
28.72 812.33 17.53 597 79 13678 19843 37469 39063
28.72 812.28 17.55 599 74 13666 19834 37469 39063
28.72 812.25 17.55 606 73 13668 19827 37469 39063
28.72 812.28 17.53 597 73 13668 19842 37469 39063
28.71 812.21 17.53 592 73 13662 19825 37469 39063
28.71 812.18 17.53 606 82 13671 19829 37469 39063
28.70 812.26 17.55 592 78 13675 19844 37469 39063
28.71 812.29 17.57 598 81 13671 19846 37469 39063
28.71 812.29 17.55 596 74 13668 19837 37469 39063
28.70 812.30 17.58 603 82 13670 19834 37469 39063
28.71 812.23 17.59 594 79 13681 19839 37469 39063
28.71 812.35 17.57 593 82 13669 19843 37469 39063
28.70 812.36 17.57 603 77 13679 19836 37469 39063
28.71 812.39 17.54 584 69 13681 19848 37469 39063
28.70 812.41 17.53 592 75 13678 19837 37469 39063
28.69 812.35 17.54 596 75 13672 19836 37469 39063
28.68 812.32 17.53 592 74 13669 19843 37469 39063
28.69 812.31 17.53 598 70 13678 19843 37469 39063
28.70 812.31 17.54 583 67 13677 19843 37469 39063
28.69 812.37 17.54 600 74 13677 19841 37469 39063
28.69 812.37 17.54 592 80 13668 19835 37469 39063
28.69 812.33 17.53 597 71 13681 19851 37469 39063
28.69 812.31 17.54 594 76 13674 19841 37469 39063
28.68 812.37 17.53 586 70 13677 19840 37469 39063
28.69 812.37 17.53 593 75 13675 19845 37469 39063
28.66 812.38 17.55 587 79 13673 19852 37469 39063
28.67 812.40 17.55 593 72 13681 19846 37469 39063
28.67 812.35 17.54 593 81 13676 19850 37469 39063
28.66 812.34 17.55 579 76 13681 19840 37469 39063
28.67 812.35 17.55 583 69 13687 19854 37469 39063
28.67 812.34 17.55 594 66 13681 19848 37469 39063
28.67 812.32 17.56 589 69 13682 19845 37469 39063
28.66 812.36 17.56 601 71 13684 19857 37469 39063
28.67 812.33 17.56 587 67 13670 19847 37469 39063
28.66 812.40 17.57 591 65 13676 19857 37469 39063
28.66 812.40 17.56 582 70 13676 19855 37469 39063
28.66 812.40 17.55 597 74 13681 19853 37469 39063
28.66 812.35 17.55 582 61 13679 19837 37469 39063
28.66 812.36 17.55 580 68 13673 19842 37469 39063
28.66 812.32 17.53 588 63 13685 19867 37469 39063
28.65 812.31 17.54 593 66 13689 19859 37469 39063
28.65 812.34 17.56 587 68 13683 19858 37469 39063
Data Point Logged
28.65 812.27 17.56 597 72 13680 19860 37469 39063
28.66 812.29 17.55 584 59 13679 19848 37469 39063
28.64 812.36 17.55 589 65 13675 19854 37469 39063
28.65 812.31 17.56 590 70 13676 19856 37469 39063
28.64 812.32 17.56 593 63 13679 19862 37469 39063
28.64 812.36 17.54 582 66 13675 19866 37469 39063
28.64 812.32 17.56 589 59 13679 19856 37469 39063
28.64 812.36 17.55 581 64 13671 19846 37469 39063
28.63 812.38 17.56 587 71 13682 19860 37469 39063
28.64 812.33 17.56 590 63 13677 19864 37469 39063
28.64 812.35 17.57 582 64 13685 19862 37469 39063
28.63 812.32 17.58 582 62 13688 19850 37469 39063
28.63 812.32 17.57 587 64 13678 19843 37469 39063
28.63 812.29 17.56 588 64 13678 19859 37469 39063
28.63 812.30 17.57 592 70 13678 19849 37469 39063
28.63 812.34 17.59 578 66 13678 19848 37469 39063
28.63 812.39 17.59 583 68 13686 19847 37469 39063
28.62 812.34 17.60 581 70 13680 19858 37469 39063
28.62 812.36 17.60 580 66 13689 19848 37469 39063
28.62 812.42 17.60 578 67 13689 19863 37469 39063
28.62 812.34 17.59 576 51 13685 19871 37469 39063
28.62 812.33 17.59 575 66 13686 19847 37469 39063
28.62 812.39 17.59 586 65 13684 19865 37469 39063
28.62 812.38 17.57 589 64 13681 19864 37469 39063
28.62 812.35 17.59 589 58 13689 19853 37469 39063
28.61 812.32 17.61 590 57 13686 19853 37469 39063
28.61 812.40 17.62 579 64 13684 19868 37469 39063
28.61 812.36 17.62 583 64 13686 19866 37469 39063
28.61 812.36 17.63 573 60 13689 19873 37469 39063
28.61 812.40 17.62 572 52 13686 19870 37469 39063
28.60 812.38 17.62 571 57 13689 19875 37469 39063
28.60 812.35 17.64 587 56 13688 19879 37469 39063
28.61 812.31 17.65 592 65 13679 19869 37469 39063
28.62 812.34 17.66 580 55 13692 19878 37469 39063
28.61 812.31 17.65 575 61 13688 19854 37469 39063
28.61 812.35 17.64 586 59 13685 19860 37469 39063
28.61 812.28 17.63 587 69 13685 19864 37469 39063
28.60 812.36 17.62 576 63 13696 19870 37469 39063
28.60 812.30 17.62 570 59 13688 19860 37469 39063
28.60 812.28 17.59 588 65 13677 19855 37469 39063
28.60 812.33 17.59 574 50 13691 19873 37469 39063
28.60 812.27 17.58 579 61 13685 19865 37469 39063
28.60 812.37 17.58 568 58 13695 19878 37469 39063
28.59 812.27 17.59 583 64 13686 19873 37469 39063
28.58 812.34 17.61 578 61 13687 19857 37469 39063
28.59 812.34 17.58 579 62 13688 19872 37469 39063
28.59 812.34 17.61 582 51 13687 19878 37469 39063
28.58 812.35 17.58 572 46 13685 19863 37469 39063
28.58 812.38 17.59 580 58 13687 19877 37469 39063
28.57 812.32 17.60 572 52 13685 19861 37469 39063
28.57 812.34 17.59 575 57 13684 19865 37469 39063
28.56 812.25 17.59 575 51 13696 19882 37469 39063
28.57 812.36 17.60 584 55 13690 19867 37469 39063
28.56 812.25 17.59 576 51 13684 19876 37469 39063
28.56 812.31 17.61 570 55 13693 19887 37469 39063
28.56 812.35 17.61 582 56 13693 19877 37469 39063
28.55 812.35 17.60 576 51 13693 19880 37469 39063
28.55 812.32 17.61 581 53 13693 19885 37469 39063
28.55 812.30 17.61 573 57 13683 19866 37469 39063
28.56 812.36 17.63 569 43 13690 19878 37469 39063
Data Point Logged
28.55 812.35 17.61 573 48 13687 19873 37469 39063
28.55 812.33 17.61 586 51 13688 19880 37469 39063
28.55 812.36 17.61 578 49 13687 19874 37469 39063
28.55 812.39 17.63 586 56 13684 19881 37469 39063
28.54 812.36 17.61 577 56 13689 19868 37469 39063
28.55 812.39 17.63 575 47 13693 19873 37469 39063
28.54 812.32 17.63 576 62 13685 19874 37469 39063
28.54 812.33 17.63 575 59 13690 19885 37469 39063
28.53 812.38 17.63 575 45 13690 19880 37469 39063
28.54 812.37 17.67 576 42 13689 19873 37469 39063
28.54 812.33 17.73 577 54 13680 19878 37469 39063
28.54 812.36 17.77 578 47 13697 19872 37469 39063
28.54 812.33 17.80 580 53 13686 19872 37469 39063
28.54 812.40 17.85 565 54 13693 19874 37469 39063
28.55 812.31 17.87 564 51 13703 19891 37469 39063
28.54 812.32 17.89 578 45 13701 19878 37469 39063
28.55 812.35 17.91 573 52 13689 19879 37469 39063
28.56 812.36 17.93 575 56 13691 19875 37469 39063
28.56 812.32 17.97 576 55 13695 19872 37469 39063
28.56 812.39 17.95 572 49 13691 19876 37469 39063
28.56 812.31 17.98 566 51 13683 19873 37469 39063
28.58 812.39 17.98 576 48 13703 19888 37469 39063
28.58 812.43 17.99 575 48 13692 19886 37469 39063
28.58 812.37 17.99 565 43 13694 19876 37469 39063
28.58 812.32 18.01 561 46 13696 19878 37469 39063
28.59 812.34 18.02 567 56 13693 19883 37469 39063
28.59 812.40 18.03 558 48 13690 19893 37469 39063
28.60 812.33 18.03 564 39 13690 19873 37469 39063
28.60 812.39 18.04 565 47 13692 19880 37469 39063
28.60 812.42 18.03 572 48 13699 19884 37469 39063
28.61 812.42 18.03 580 48 13691 19873 37469 39063
28.62 812.30 18.02 575 52 13697 19881 37469 39063
28.63 812.39 18.04 573 50 13694 19875 37469 39063
28.62 812.36 18.03 561 52 13699 19871 37469 39063
28.63 812.39 18.03 573 49 13690 19874 37469 39063
28.64 812.34 18.03 560 54 13694 19891 37469 39063
28.63 812.40 18.04 562 40 13693 19890 37469 39063
28.64 812.36 18.04 555 45 13694 19871 37469 39063
28.64 812.37 18.04 575 53 13695 19885 37469 39063
28.65 812.34 18.04 565 52 13706 19880 37469 39063
28.65 812.37 18.05 569 51 13697 19869 37469 39063
28.66 812.36 18.05 571 44 13704 19885 37469 39063
28.67 812.42 18.05 558 50 13697 19881 37469 39063
28.66 812.41 18.05 566 48 13698 19885 37469 39063
28.67 812.40 18.06 569 43 13699 19885 37469 39063
28.67 812.40 18.05 572 45 13690 19888 37469 39063
28.69 812.41 18.05 553 46 13682 19871 37469 39063
28.69 812.42 18.05 561 48 13693 19877 37469 39063
28.69 812.39 18.03 565 51 13700 19881 37469 39063
28.69 812.43 18.05 565 44 13693 19882 37469 39063
28.69 812.41 18.03 566 47 13685 19870 37469 39063
28.70 812.36 18.02 558 44 13688 19884 37469 39063
28.71 812.39 18.03 569 47 13701 19884 37469 39063
28.71 812.42 18.04 564 52 13702 19891 37469 39063
28.73 812.40 18.00 557 52 13694 19876 37469 39063
28.73 812.46 18.00 566 47 13697 19889 37469 39063
28.72 812.38 18.02 560 42 13693 19883 37469 39063
28.73 812.46 18.00 567 54 13693 19881 37469 39063
28.73 812.38 18.00 